<?xml version="1.0" encoding="UTF-8"?>
<testsuite name="com.bestbuy.cucumber.CucumberRunner" time="2.388" tests="56" errors="0" skipped="0" failures="0">
  <properties>
[...]
</properties>
  <testcase name="Given Best buy application is running" classname="| Bosch Washing Machine | WhiteGood | 300 | 20 | 234567890 | Good quality Bosch washing machine | CanCompany | MN2727B4z | http://www.google.com/image | http://dummyimage.com/128x100.png/ff4444/ffffff |" time="0.002"/>
  <testcase name="When I create a new product by providing the information name &quot;Bosch Washing Machine&quot; type &quot;WhiteGood&quot; price &quot;300&quot; shipping &quot;20&quot; upc &quot;234567890&quot; description &quot;Good quality Bosch washing machine&quot; manufacturer &quot;CanCompany&quot; model &quot;MN2727B4z&quot; url &quot;http://www.google.com/image&quot; image &quot;http://dummyimage.com/128x100.png/ff4444/ffffff&quot;" classname="| Bosch Washing Machine | WhiteGood | 300 | 20 | 234567890 | Good quality Bosch washing machine | CanCompany | MN2727B4z | http://www.google.com/image | http://dummyimage.com/128x100.png/ff4444/ffffff |" time="0"/>
  <testcase name="Then I verify that the product with name &quot;Bosch Washing Machine&quot; is created" classname="| Bosch Washing Machine | WhiteGood | 300 | 20 | 234567890 | Good quality Bosch washing machine | CanCompany | MN2727B4z | http://www.google.com/image | http://dummyimage.com/128x100.png/ff4444/ffffff |" time="0"/>
  <testcase name="And I update product by providing the information name &quot;Bosch Washing Machine&quot; type &quot;WhiteGood&quot; price &quot;300&quot; shipping &quot;20&quot; upc &quot;234567890&quot; description &quot;Good quality Bosch washing machine&quot; manufacturer &quot;CanCompany&quot; model &quot;MN2727B4z&quot; url &quot;http://www.google.com/image&quot; image &quot;http://dummyimage.com/128x100.png/ff4444/ffffff&quot;" classname="| Bosch Washing Machine | WhiteGood | 300 | 20 | 234567890 | Good quality Bosch washing machine | CanCompany | MN2727B4z | http://www.google.com/image | http://dummyimage.com/128x100.png/ff4444/ffffff |" time="0"/>
  <testcase name="And The product with name &quot;Bosch Washing Machine&quot; is updated successfully" classname="| Bosch Washing Machine | WhiteGood | 300 | 20 | 234567890 | Good quality Bosch washing machine | CanCompany | MN2727B4z | http://www.google.com/image | http://dummyimage.com/128x100.png/ff4444/ffffff |" time="0"/>
  <testcase name="And I delete the product that created with name &quot;Bosch Washing Machine&quot;" classname="| Bosch Washing Machine | WhiteGood | 300 | 20 | 234567890 | Good quality Bosch washing machine | CanCompany | MN2727B4z | http://www.google.com/image | http://dummyimage.com/128x100.png/ff4444/ffffff |" time="0"/>
  <testcase name="Then The product deleted successfully from the application" classname="| Bosch Washing Machine | WhiteGood | 300 | 20 | 234567890 | Good quality Bosch washing machine | CanCompany | MN2727B4z | http://www.google.com/image | http://dummyimage.com/128x100.png/ff4444/ffffff |" time="0"/>
  <testcase name="| Bosch Washing Machine | WhiteGood | 300 | 20 | 234567890 | Good quality Bosch washing machine | CanCompany | MN2727B4z | http://www.google.com/image | http://dummyimage.com/128x100.png/ff4444/ffffff |" classname="| Bosch Washing Machine | WhiteGood | 300 | 20 | 234567890 | Good quality Bosch washing machine | CanCompany | MN2727B4z | http://www.google.com/image | http://dummyimage.com/128x100.png/ff4444/ffffff |" time="0.006"/>
  <testcase name="Given Best buy application is running" classname="| Beko Washing Machine | WhiteGood | 200 | 20 | 123455542 | Good quality Bosch washing machine | BangCompany | MN2525B4z | http://www.yahoo.com/image | http://dummyimage.com/214x100.png/5fa2dd/ffffff |" time="0"/>
  <testcase name="When I create a new product by providing the information name &quot;Beko Washing Machine&quot; type &quot;WhiteGood&quot; price &quot;200&quot; shipping &quot;20&quot; upc &quot;123455542&quot; description &quot;Good quality Bosch washing machine&quot; manufacturer &quot;BangCompany&quot; model &quot;MN2525B4z&quot; url &quot;http://www.yahoo.com/image&quot; image &quot;http://dummyimage.com/214x100.png/5fa2dd/ffffff&quot;" classname="| Beko Washing Machine | WhiteGood | 200 | 20 | 123455542 | Good quality Bosch washing machine | BangCompany | MN2525B4z | http://www.yahoo.com/image | http://dummyimage.com/214x100.png/5fa2dd/ffffff |" time="0"/>
  <testcase name="Then I verify that the product with name &quot;Beko Washing Machine&quot; is created" classname="| Beko Washing Machine | WhiteGood | 200 | 20 | 123455542 | Good quality Bosch washing machine | BangCompany | MN2525B4z | http://www.yahoo.com/image | http://dummyimage.com/214x100.png/5fa2dd/ffffff |" time="0"/>
  <testcase name="And I update product by providing the information name &quot;Beko Washing Machine&quot; type &quot;WhiteGood&quot; price &quot;200&quot; shipping &quot;20&quot; upc &quot;123455542&quot; description &quot;Good quality Bosch washing machine&quot; manufacturer &quot;BangCompany&quot; model &quot;MN2525B4z&quot; url &quot;http://www.yahoo.com/image&quot; image &quot;http://dummyimage.com/214x100.png/5fa2dd/ffffff&quot;" classname="| Beko Washing Machine | WhiteGood | 200 | 20 | 123455542 | Good quality Bosch washing machine | BangCompany | MN2525B4z | http://www.yahoo.com/image | http://dummyimage.com/214x100.png/5fa2dd/ffffff |" time="0"/>
  <testcase name="And The product with name &quot;Beko Washing Machine&quot; is updated successfully" classname="| Beko Washing Machine | WhiteGood | 200 | 20 | 123455542 | Good quality Bosch washing machine | BangCompany | MN2525B4z | http://www.yahoo.com/image | http://dummyimage.com/214x100.png/5fa2dd/ffffff |" time="0"/>
  <testcase name="And I delete the product that created with name &quot;Beko Washing Machine&quot;" classname="| Beko Washing Machine | WhiteGood | 200 | 20 | 123455542 | Good quality Bosch washing machine | BangCompany | MN2525B4z | http://www.yahoo.com/image | http://dummyimage.com/214x100.png/5fa2dd/ffffff |" time="0"/>
  <testcase name="Then The product deleted successfully from the application" classname="| Beko Washing Machine | WhiteGood | 200 | 20 | 123455542 | Good quality Bosch washing machine | BangCompany | MN2525B4z | http://www.yahoo.com/image | http://dummyimage.com/214x100.png/5fa2dd/ffffff |" time="0"/>
  <testcase name="| Beko Washing Machine | WhiteGood | 200 | 20 | 123455542 | Good quality Bosch washing machine | BangCompany | MN2525B4z | http://www.yahoo.com/image | http://dummyimage.com/214x100.png/5fa2dd/ffffff |" classname="| Beko Washing Machine | WhiteGood | 200 | 20 | 123455542 | Good quality Bosch washing machine | BangCompany | MN2525B4z | http://www.yahoo.com/image | http://dummyimage.com/214x100.png/5fa2dd/ffffff |" time="1.375"/>
  <testcase name="Given Best buy application is running" classname="| HomeStore | Store | 10 Liverpool Road | LI 23 | Liverpool | England | 12344 | 67 | 64 | Monday to Friday 9to10 |" time="0"/>
  <testcase name="When I create a new store by providing the information name &quot;HomeStore&quot; type &quot;Store&quot; address &quot;10 Liverpool Road&quot; addresstwo &quot;LI 23&quot; city &quot;Liverpool&quot; state &quot;England&quot; zip &quot;12344&quot; lat &quot;67&quot; lng &quot;64&quot; hours &quot;Monday to Friday 9to10&quot;" classname="| HomeStore | Store | 10 Liverpool Road | LI 23 | Liverpool | England | 12344 | 67 | 64 | Monday to Friday 9to10 |" time="0"/>
  <testcase name="Then I verify that the store with name &quot;HomeStore&quot; is created" classname="| HomeStore | Store | 10 Liverpool Road | LI 23 | Liverpool | England | 12344 | 67 | 64 | Monday to Friday 9to10 |" time="0"/>
  <testcase name="And I update store by providing the information name &quot;HomeStore&quot; type &quot;Store&quot; address &quot;10 Liverpool Road&quot; addresstwo &quot;LI 23&quot; city &quot;Liverpool&quot; state &quot;England&quot; zip &quot;12344&quot; lat &quot;67&quot; lng &quot;64&quot; hours &quot;Monday to Friday 9to10&quot;" classname="| HomeStore | Store | 10 Liverpool Road | LI 23 | Liverpool | England | 12344 | 67 | 64 | Monday to Friday 9to10 |" time="0"/>
  <testcase name="And The store with name &quot;HomeStore&quot; is updated successfully" classname="| HomeStore | Store | 10 Liverpool Road | LI 23 | Liverpool | England | 12344 | 67 | 64 | Monday to Friday 9to10 |" time="0"/>
  <testcase name="And I delete the store that created with name &quot;HomeStore&quot;" classname="| HomeStore | Store | 10 Liverpool Road | LI 23 | Liverpool | England | 12344 | 67 | 64 | Monday to Friday 9to10 |" time="0"/>
  <testcase name="Then The store deleted successfully from the application" classname="| HomeStore | Store | 10 Liverpool Road | LI 23 | Liverpool | England | 12344 | 67 | 64 | Monday to Friday 9to10 |" time="0"/>
  <testcase name="| HomeStore | Store | 10 Liverpool Road | LI 23 | Liverpool | England | 12344 | 67 | 64 | Monday to Friday 9to10 |" classname="| HomeStore | Store | 10 Liverpool Road | LI 23 | Liverpool | England | 12344 | 67 | 64 | Monday to Friday 9to10 |" time="0.002"/>
  <testcase name="Given Best buy application is running" classname="| HomeApplianz | Store | 20 Manchester Road | MA 50 | Manchester | England | 67888 | 35 | 88 | Monday to Friday 9to10 |" time="0"/>
  <testcase name="When I create a new store by providing the information name &quot;HomeApplianz&quot; type &quot;Store&quot; address &quot;20 Manchester Road&quot; addresstwo &quot;MA 50&quot; city &quot;Manchester&quot; state &quot;England&quot; zip &quot;67888&quot; lat &quot;35&quot; lng &quot;88&quot; hours &quot;Monday to Friday 9to10&quot;" classname="| HomeApplianz | Store | 20 Manchester Road | MA 50 | Manchester | England | 67888 | 35 | 88 | Monday to Friday 9to10 |" time="0"/>
  <testcase name="Then I verify that the store with name &quot;HomeApplianz&quot; is created" classname="| HomeApplianz | Store | 20 Manchester Road | MA 50 | Manchester | England | 67888 | 35 | 88 | Monday to Friday 9to10 |" time="0"/>
  <testcase name="And I update store by providing the information name &quot;HomeApplianz&quot; type &quot;Store&quot; address &quot;20 Manchester Road&quot; addresstwo &quot;MA 50&quot; city &quot;Manchester&quot; state &quot;England&quot; zip &quot;67888&quot; lat &quot;35&quot; lng &quot;88&quot; hours &quot;Monday to Friday 9to10&quot;" classname="| HomeApplianz | Store | 20 Manchester Road | MA 50 | Manchester | England | 67888 | 35 | 88 | Monday to Friday 9to10 |" time="0"/>
  <testcase name="And The store with name &quot;HomeApplianz&quot; is updated successfully" classname="| HomeApplianz | Store | 20 Manchester Road | MA 50 | Manchester | England | 67888 | 35 | 88 | Monday to Friday 9to10 |" time="0"/>
  <testcase name="And I delete the store that created with name &quot;HomeApplianz&quot;" classname="| HomeApplianz | Store | 20 Manchester Road | MA 50 | Manchester | England | 67888 | 35 | 88 | Monday to Friday 9to10 |" time="0"/>
  <testcase name="Then The store deleted successfully from the application" classname="| HomeApplianz | Store | 20 Manchester Road | MA 50 | Manchester | England | 67888 | 35 | 88 | Monday to Friday 9to10 |" time="0"/>
  <testcase name="| HomeApplianz | Store | 20 Manchester Road | MA 50 | Manchester | England | 67888 | 35 | 88 | Monday to Friday 9to10 |" classname="| HomeApplianz | Store | 20 Manchester Road | MA 50 | Manchester | England | 67888 | 35 | 88 | Monday to Friday 9to10 |" time="0.109"/>
  <testcase name="When User sends a GET request to products endpoint" classname="Scenario: Check if the product api can be accessed by GET request" time="0"/>
  <testcase name="Then user must get back a valid status code 200" classname="Scenario: Check if the product api can be accessed by GET request" time="0"/>
  <testcase name="Scenario: Check if the product api can be accessed by GET request" classname="Scenario: Check if the product api can be accessed by GET request" time="0.058"/>
  <testcase name="When User sends a POST request by providing the information to products endpoint" classname="Scenario: Check if the product api can be accessed by POST request" time="0"/>
  <testcase name="Then user must get back valid status code 201" classname="Scenario: Check if the product api can be accessed by POST request" time="0"/>
  <testcase name="Scenario: Check if the product api can be accessed by POST request" classname="Scenario: Check if the product api can be accessed by POST request" time="0.128"/>
  <testcase name="When User sends a PUT request by providing the information to products/id endpoint" classname="Scenario: Check if the product api can be accessed by PUT request" time="0.001"/>
  <testcase name="Then user get back valid status code 200" classname="Scenario: Check if the product api can be accessed by PUT request" time="0"/>
  <testcase name="Scenario: Check if the product api can be accessed by PUT request" classname="Scenario: Check if the product api can be accessed by PUT request" time="0.103"/>
  <testcase name="When User sends a DELETE request to products/id endpoint" classname="Scenario: Check if the product api can be accessed by DELETE request" time="0"/>
  <testcase name="Then user get back a valid status code 200" classname="Scenario: Check if the product api can be accessed by DELETE request" time="0"/>
  <testcase name="Scenario: Check if the product api can be accessed by DELETE request" classname="Scenario: Check if the product api can be accessed by DELETE request" time="0.154"/>
  <testcase name="When User sends a GET request to stores endpoint" classname="Scenario: Check if  store api can be accessed by GET request" time="0"/>
  <testcase name="Then user must get back a valid status code 200" classname="Scenario: Check if  store api can be accessed by GET request" time="0"/>
  <testcase name="Scenario: Check if  store api can be accessed by GET request" classname="Scenario: Check if  store api can be accessed by GET request" time="0.071"/>
  <testcase name="When User sends a POST request by providing the information to stores endpoint" classname="Scenario: Check if  store api can be accessed by POST request" time="0"/>
  <testcase name="Then User must get back valid status code 201 for post request" classname="Scenario: Check if  store api can be accessed by POST request" time="0"/>
  <testcase name="Scenario: Check if  store api can be accessed by POST request" classname="Scenario: Check if  store api can be accessed by POST request" time="0.084"/>
  <testcase name="When User sends a PUT request by providing the information to stores/id endpoint" classname="Scenario: Check if the store api can be accessed by PUT request" time="0"/>
  <testcase name="Then user get back valid status code 200" classname="Scenario: Check if the store api can be accessed by PUT request" time="0"/>
  <testcase name="Scenario: Check if the store api can be accessed by PUT request" classname="Scenario: Check if the store api can be accessed by PUT request" time="0.137"/>
  <testcase name="When User sends a DELETE request to stores/id endpoint" classname="Scenario: Check if the store api can be accessed by DELETE request" time="0"/>
  <testcase name="Then user get back a valid status code 200" classname="Scenario: Check if the store api can be accessed by DELETE request" time="0"/>
  <testcase name="Scenario: Check if the store api can be accessed by DELETE request" classname="Scenario: Check if the store api can be accessed by DELETE request" time="0.158"/>
</testsuite>