<?xml version="1.0" encoding="UTF-8"?><testsuite errors="0" failures="0" name="Testing different request on the best buy application" skipped="0" tests="8" time="0.77" timestamp="2023-01-10T18:37:31.717Z[Europe/London]"><testcase name="Check if the product api can be accessed by GET request"/><testcase name="Check if the product api can be accessed by POST request"/><testcase name="Check if the product api can be accessed by PUT request"/><testcase name="Check if the product api can be accessed by DELETE request"/><testcase name="Check if  store api can be accessed by GET request"/><testcase name="Check if  store api can be accessed by POST request"/><testcase name="Check if the store api can be accessed by PUT request"/><testcase name="Check if the store api can be accessed by DELETE request"/></testsuite>