<?xml version="1.0" encoding="UTF-8"?><testsuite errors="0" failures="0" name="com.bestbuy.testsuite.TagsTest" skipped="0" tests="6" time="0.42" timestamp="2023-01-10T18:37:35.691Z[Europe/London]"><testcase classname="com.bestbuy.testsuite.TagsTest" name="Provide a 500 status code when incorrect HTTP method is used to access resource for store api"/><testcase classname="com.bestbuy.testsuite.TagsTest" name="Provide a 500 status code when incorrect HTTP method is used to access resource for product api"/><testcase classname="com.bestbuy.testsuite.TagsTest" name="This test will verify if a status code of 200 is returned for GET request for store"/><testcase classname="com.bestbuy.testsuite.TagsTest" name="This test will verify if a status code of 200 is returned for GET request for product api"/><testcase classname="com.bestbuy.testsuite.TagsTest" name="This test will provide an error code of 404 when user tries to access an invalid resource for store api"/><testcase classname="com.bestbuy.testsuite.TagsTest" name="This test will provide an error code of 404 when user tries to access an invalid resource for product api"/></testsuite>